


ARM Macro Assembler    Page 1 


    1 00000000                 AREA             RESET, DATA, READONLY
    2 00000000                 EXPORT           __Vectors
    3 00000000         __Vectors
    4 00000000 10001000        DCD              0x10001000  ; stack pointer val
                                                            ue when stack is em
                                                            pty
    5 00000004 00000000        DCD              Reset_Handler ; reset vector
    6 00000008                 ALIGN
    7 00000008                 AREA             mycode, CODE, READONLY
    8 00000000                 ENTRY
    9 00000000                 EXPORT           Reset_Handler
   10 00000000         Reset_Handler
   11 00000000 F04F 0305       MOV              R3,#5
   12 00000004 F04F 0407       MOV              R4,#7
   13 00000008 4625            MOV              R5,R4
   14 0000000A 462B            MOV              R3,R5
   15 0000000C 4623            MOV              R3,R4
   16 0000000E E7FE    STOP    B                STOP
   17 00000010                 END
Command Line: --debug --xref --cpu=Cortex-M3 --apcs=interwork --depend=praccc.d
 -opraccc.o -IC:\Keil\ARM\RV31\INC -IC:\Keil\ARM\CMSIS\Include -IC:\Keil\ARM\In
c\NXP\LPC17xx --predefine="__EVAL SETA 1" --list=praccc.lst praccc.asm



ARM Macro Assembler    Page 1 Alphabetic symbol ordering
Relocatable symbols

RESET 00000000

Symbol: RESET
   Definitions
      At line 1 in file praccc.asm
   Uses
      None
Comment: RESET unused
__Vectors 00000000

Symbol: __Vectors
   Definitions
      At line 3 in file praccc.asm
   Uses
      At line 2 in file praccc.asm
Comment: __Vectors used once
2 symbols



ARM Macro Assembler    Page 1 Alphabetic symbol ordering
Relocatable symbols

Reset_Handler 00000000

Symbol: Reset_Handler
   Definitions
      At line 10 in file praccc.asm
   Uses
      At line 5 in file praccc.asm
      At line 9 in file praccc.asm

STOP 0000000E

Symbol: STOP
   Definitions
      At line 16 in file praccc.asm
   Uses
      At line 16 in file praccc.asm
Comment: STOP used once
mycode 00000000

Symbol: mycode
   Definitions
      At line 7 in file praccc.asm
   Uses
      None
Comment: mycode unused
3 symbols
336 symbols in table
